[2026-04-18T17:36:08.006Z] FETCHING PROFILE FOR: prasantsingh945252
[2026-04-18T17:36:08.156Z] USER FOUND: e70437f2-c7bf-4c7b-a53f-d3f64ebee1c5, fetching extra data...
[2026-04-18T17:36:08.399Z] Fetching from tables...
[2026-04-18T17:36:08.558Z] PROFILE FETCH COMPLETE FOR: prasantsingh945252
[2026-04-18T17:36:08.561Z] FETCHING PROFILE FOR: prasantsingh945252
[2026-04-18T17:36:08.682Z] USER FOUND: e70437f2-c7bf-4c7b-a53f-d3f64ebee1c5, fetching extra data...
[2026-04-18T17:36:08.942Z] Fetching from tables...
[2026-04-18T17:36:09.076Z] PROFILE FETCH COMPLETE FOR: prasantsingh945252
[2026-04-18T17:36:18.071Z] FETCHING PROFILE FOR: prasantsingh945252
[2026-04-18T17:36:18.211Z] USER FOUND: e70437f2-c7bf-4c7b-a53f-d3f64ebee1c5, fetching extra data...
[2026-04-18T17:36:18.448Z] Fetching from tables...
[2026-04-18T17:36:18.592Z] PROFILE FETCH COMPLETE FOR: prasantsingh945252
[2026-04-18T17:36:18.594Z] FETCHING PROFILE FOR: prasantsingh945252
[2026-04-18T17:36:18.720Z] USER FOUND: e70437f2-c7bf-4c7b-a53f-d3f64ebee1c5, fetching extra data...
[2026-04-18T17:36:18.940Z] Fetching from tables...
[2026-04-18T17:36:19.055Z] PROFILE FETCH COMPLETE FOR: prasantsingh945252
[2026-04-18T17:36:27.946Z] FETCHING PROFILE FOR: prasantsingh945252
[2026-04-18T17:36:28.082Z] USER FOUND: e70437f2-c7bf-4c7b-a53f-d3f64ebee1c5, fetching extra data...
[2026-04-18T17:36:28.317Z] Fetching from tables...
[2026-04-18T17:36:28.462Z] PROFILE FETCH COMPLETE FOR: prasantsingh945252
[2026-04-18T17:36:28.464Z] FETCHING PROFILE FOR: prasantsingh945252
[2026-04-18T17:36:28.619Z] USER FOUND: e70437f2-c7bf-4c7b-a53f-d3f64ebee1c5, fetching extra data...
[2026-04-18T17:36:28.859Z] Fetching from tables...
[2026-04-18T17:36:28.975Z] PROFILE FETCH COMPLETE FOR: prasantsingh945252
[2026-04-18T17:36:28.977Z] FETCHING PROFILE FOR: prasantsingh945252
[2026-04-18T17:36:29.101Z] USER FOUND: e70437f2-c7bf-4c7b-a53f-d3f64ebee1c5, fetching extra data...
[2026-04-18T17:36:29.390Z] Fetching from tables...
[2026-04-18T17:36:29.513Z] PROFILE FETCH COMPLETE FOR: prasantsingh945252
[2026-04-18T17:36:29.515Z] FETCHING PROFILE FOR: prasantsingh945252
[2026-04-18T17:36:29.636Z] USER FOUND: e70437f2-c7bf-4c7b-a53f-d3f64ebee1c5, fetching extra data...
[2026-04-18T17:36:29.921Z] Fetching from tables...
[2026-04-18T17:36:30.041Z] PROFILE FETCH COMPLETE FOR: prasantsingh945252
[2026-04-18T17:36:30.694Z] FETCHING PROFILE FOR: prasantsingh945252
[2026-04-18T17:36:30.815Z] USER FOUND: e70437f2-c7bf-4c7b-a53f-d3f64ebee1c5, fetching extra data...
[2026-04-18T17:36:31.075Z] Fetching from tables...
[2026-04-18T17:36:31.191Z] PROFILE FETCH COMPLETE FOR: prasantsingh945252
[2026-04-18T17:36:31.193Z] FETCHING PROFILE FOR: prasantsingh945252
[2026-04-18T17:36:31.313Z] USER FOUND: e70437f2-c7bf-4c7b-a53f-d3f64ebee1c5, fetching extra data...
[2026-04-18T17:36:31.631Z] Fetching from tables...
[2026-04-18T17:36:31.752Z] PROFILE FETCH COMPLETE FOR: prasantsingh945252
[2026-04-18T17:36:33.174Z] FETCHING PROFILE FOR: prasantsingh945252
[2026-04-18T17:36:33.488Z] USER FOUND: e70437f2-c7bf-4c7b-a53f-d3f64ebee1c5, fetching extra data...
[2026-04-18T17:36:33.736Z] Fetching from tables...
[2026-04-18T17:36:33.862Z] PROFILE FETCH COMPLETE FOR: prasantsingh945252
[2026-04-18T17:36:33.864Z] FETCHING PROFILE FOR: prasantsingh945252
[2026-04-18T17:36:33.984Z] USER FOUND: e70437f2-c7bf-4c7b-a53f-d3f64ebee1c5, fetching extra data...
[2026-04-18T17:36:34.242Z] Fetching from tables...
[2026-04-18T17:36:34.386Z] PROFILE FETCH COMPLETE FOR: prasantsingh945252
[2026-04-18T17:36:40.614Z] FETCHING PROFILE FOR: prasantsingh945252
[2026-04-18T17:36:40.748Z] USER FOUND: e70437f2-c7bf-4c7b-a53f-d3f64ebee1c5, fetching extra data...
[2026-04-18T17:36:40.967Z] Fetching from tables...
[2026-04-18T17:36:41.118Z] PROFILE FETCH COMPLETE FOR: prasantsingh945252
[2026-04-18T17:36:41.119Z] FETCHING PROFILE FOR: prasantsingh945252
[2026-04-18T17:36:41.243Z] USER FOUND: e70437f2-c7bf-4c7b-a53f-d3f64ebee1c5, fetching extra data...
[2026-04-18T17:36:41.465Z] Fetching from tables...
[2026-04-18T17:36:41.590Z] PROFILE FETCH COMPLETE FOR: prasantsingh945252
[2026-04-18T17:37:14.101Z] FETCHING PROFILE FOR: prasantsingh945252
[2026-04-18T17:37:14.247Z] USER FOUND: e70437f2-c7bf-4c7b-a53f-d3f64ebee1c5, fetching extra data...
[2026-04-18T17:37:14.474Z] Fetching from tables...
[2026-04-18T17:37:14.644Z] PROFILE FETCH COMPLETE FOR: prasantsingh945252
[2026-04-18T17:37:14.646Z] FETCHING PROFILE FOR: prasantsingh945252
[2026-04-18T17:37:14.774Z] USER FOUND: e70437f2-c7bf-4c7b-a53f-d3f64ebee1c5, fetching extra data...
[2026-04-18T17:37:15.024Z] Fetching from tables...
[2026-04-18T17:37:15.347Z] PROFILE FETCH COMPLETE FOR: prasantsingh945252
[2026-04-18T17:37:37.463Z] FETCHING PROFILE FOR: prasantsingh945252
[2026-04-18T17:37:37.597Z] USER FOUND: e70437f2-c7bf-4c7b-a53f-d3f64ebee1c5, fetching extra data...
[2026-04-18T17:37:37.832Z] Fetching from tables...
[2026-04-18T17:37:38.140Z] PROFILE FETCH COMPLETE FOR: prasantsingh945252
[2026-04-18T17:37:38.142Z] FETCHING PROFILE FOR: prasantsingh945252
[2026-04-18T17:37:38.290Z] USER FOUND: e70437f2-c7bf-4c7b-a53f-d3f64ebee1c5, fetching extra data...
[2026-04-18T17:37:38.521Z] Fetching from tables...
[2026-04-18T17:37:38.656Z] PROFILE FETCH COMPLETE FOR: prasantsingh945252
[2026-04-18T17:37:51.439Z] FETCHING PROFILE FOR: prasantsingh945252
[2026-04-18T17:37:51.572Z] USER FOUND: e70437f2-c7bf-4c7b-a53f-d3f64ebee1c5, fetching extra data...
[2026-04-18T17:37:51.796Z] Fetching from tables...
[2026-04-18T17:37:51.931Z] PROFILE FETCH COMPLETE FOR: prasantsingh945252
[2026-04-18T17:37:51.933Z] FETCHING PROFILE FOR: prasantsingh945252
[2026-04-18T17:37:52.082Z] USER FOUND: e70437f2-c7bf-4c7b-a53f-d3f64ebee1c5, fetching extra data...
[2026-04-18T17:37:52.327Z] Fetching from tables...
[2026-04-18T17:37:52.452Z] PROFILE FETCH COMPLETE FOR: prasantsingh945252
[2026-04-18T17:39:27.068Z] FETCHING PROFILE FOR: prasantsingh945252
[2026-04-18T17:39:27.257Z] USER FOUND: e70437f2-c7bf-4c7b-a53f-d3f64ebee1c5, fetching extra data...
[2026-04-18T17:39:27.492Z] Fetching from tables...
[2026-04-18T17:39:27.635Z] PROFILE FETCH COMPLETE FOR: prasantsingh945252
[2026-04-18T17:39:27.637Z] FETCHING PROFILE FOR: prasantsingh945252
[2026-04-18T17:39:27.778Z] USER FOUND: e70437f2-c7bf-4c7b-a53f-d3f64ebee1c5, fetching extra data...
[2026-04-18T17:39:28.019Z] Fetching from tables...
[2026-04-18T17:39:28.147Z] PROFILE FETCH COMPLETE FOR: prasantsingh945252
[2026-04-18T17:39:48.599Z] FETCHING PROFILE FOR: prasantsingh945252
[2026-04-18T17:39:48.726Z] USER FOUND: e70437f2-c7bf-4c7b-a53f-d3f64ebee1c5, fetching extra data...
[2026-04-18T17:39:48.985Z] Fetching from tables...
[2026-04-18T17:39:49.125Z] PROFILE FETCH COMPLETE FOR: prasantsingh945252
[2026-04-18T17:39:49.128Z] FETCHING PROFILE FOR: prasantsingh945252
[2026-04-18T17:39:49.257Z] USER FOUND: e70437f2-c7bf-4c7b-a53f-d3f64ebee1c5, fetching extra data...
[2026-04-18T17:39:49.580Z] Fetching from tables...
[2026-04-18T17:39:49.697Z] PROFILE FETCH COMPLETE FOR: prasantsingh945252
[2026-04-18T17:41:09.053Z] FETCHING PROFILE FOR: prasantsingh945252
[2026-04-18T17:41:09.199Z] USER FOUND: e70437f2-c7bf-4c7b-a53f-d3f64ebee1c5, fetching extra data...
[2026-04-18T17:41:09.438Z] Fetching from tables...
[2026-04-18T17:41:09.583Z] PROFILE FETCH COMPLETE FOR: prasantsingh945252
[2026-04-18T17:41:09.585Z] FETCHING PROFILE FOR: prasantsingh945252
[2026-04-18T17:41:09.734Z] USER FOUND: e70437f2-c7bf-4c7b-a53f-d3f64ebee1c5, fetching extra data...
[2026-04-18T17:41:09.969Z] Fetching from tables...
[2026-04-18T17:41:10.102Z] PROFILE FETCH COMPLETE FOR: prasantsingh945252
[2026-04-18T17:41:26.873Z] FETCHING PROFILE FOR: prasantsingh945252
[2026-04-18T17:41:27.016Z] USER FOUND: e70437f2-c7bf-4c7b-a53f-d3f64ebee1c5, fetching extra data...
[2026-04-18T17:41:27.255Z] Fetching from tables...
[2026-04-18T17:41:27.395Z] PROFILE FETCH COMPLETE FOR: prasantsingh945252
[2026-04-18T17:41:27.397Z] FETCHING PROFILE FOR: prasantsingh945252
[2026-04-18T17:41:27.521Z] USER FOUND: e70437f2-c7bf-4c7b-a53f-d3f64ebee1c5, fetching extra data...
[2026-04-18T17:41:27.751Z] Fetching from tables...
[2026-04-18T17:41:27.881Z] PROFILE FETCH COMPLETE FOR: prasantsingh945252
[2026-04-18T17:42:29.543Z] FETCHING PROFILE FOR: prasantsingh945252
[2026-04-18T17:42:29.659Z] USER FOUND: e70437f2-c7bf-4c7b-a53f-d3f64ebee1c5, fetching extra data...
[2026-04-18T17:42:29.890Z] Fetching from tables...
[2026-04-18T17:42:30.030Z] PROFILE FETCH COMPLETE FOR: prasantsingh945252
[2026-04-18T17:42:30.033Z] FETCHING PROFILE FOR: prasantsingh945252
[2026-04-18T17:42:30.152Z] USER FOUND: e70437f2-c7bf-4c7b-a53f-d3f64ebee1c5, fetching extra data...
[2026-04-18T17:42:30.574Z] Fetching from tables...
[2026-04-18T17:42:30.878Z] PROFILE FETCH COMPLETE FOR: prasantsingh945252
[2026-04-18T17:43:14.806Z] FETCHING PROFILE FOR: prasantsingh945252
[2026-04-18T17:43:14.940Z] USER FOUND: e70437f2-c7bf-4c7b-a53f-d3f64ebee1c5, fetching extra data...
[2026-04-18T17:43:15.181Z] Fetching from tables...
[2026-04-18T17:43:15.328Z] PROFILE FETCH COMPLETE FOR: prasantsingh945252
[2026-04-18T17:43:15.330Z] FETCHING PROFILE FOR: prasantsingh945252
[2026-04-18T17:43:15.441Z] USER FOUND: e70437f2-c7bf-4c7b-a53f-d3f64ebee1c5, fetching extra data...
[2026-04-18T17:43:15.704Z] Fetching from tables...
[2026-04-18T17:43:15.822Z] PROFILE FETCH COMPLETE FOR: prasantsingh945252
[2026-04-18T17:43:22.132Z] FETCHING PROFILE FOR: prasantsingh945252
[2026-04-18T17:43:22.245Z] USER FOUND: e70437f2-c7bf-4c7b-a53f-d3f64ebee1c5, fetching extra data...
[2026-04-18T17:43:22.485Z] Fetching from tables...
[2026-04-18T17:43:22.630Z] PROFILE FETCH COMPLETE FOR: prasantsingh945252
[2026-04-18T17:43:47.255Z] FETCHING PROFILE FOR: prasantsingh945252
[2026-04-18T17:43:47.375Z] USER FOUND: e70437f2-c7bf-4c7b-a53f-d3f64ebee1c5, fetching extra data...
[2026-04-18T17:43:47.609Z] Fetching from tables...
[2026-04-18T17:43:47.760Z] PROFILE FETCH COMPLETE FOR: prasantsingh945252
[2026-04-18T17:44:01.918Z] FETCHING PROFILE FOR: prasantsingh945252
[2026-04-18T17:44:02.027Z] USER FOUND: e70437f2-c7bf-4c7b-a53f-d3f64ebee1c5, fetching extra data...
[2026-04-18T17:44:02.268Z] Fetching from tables...
[2026-04-18T17:44:02.425Z] PROFILE FETCH COMPLETE FOR: prasantsingh945252
[2026-04-18T17:44:02.426Z] FETCHING PROFILE FOR: prasantsingh945252
[2026-04-18T17:44:02.540Z] USER FOUND: e70437f2-c7bf-4c7b-a53f-d3f64ebee1c5, fetching extra data...
[2026-04-18T17:44:02.776Z] Fetching from tables...
[2026-04-18T17:44:02.912Z] PROFILE FETCH COMPLETE FOR: prasantsingh945252
[2026-04-18T17:44:18.254Z] FETCHING PROFILE FOR: prasantsingh945252
[2026-04-18T17:44:18.367Z] USER FOUND: e70437f2-c7bf-4c7b-a53f-d3f64ebee1c5, fetching extra data...
[2026-04-18T17:44:18.620Z] Fetching from tables...
[2026-04-18T17:44:18.766Z] PROFILE FETCH COMPLETE FOR: prasantsingh945252
[2026-04-18T17:44:18.768Z] FETCHING PROFILE FOR: prasantsingh945252
[2026-04-18T17:44:18.881Z] USER FOUND: e70437f2-c7bf-4c7b-a53f-d3f64ebee1c5, fetching extra data...
[2026-04-18T17:44:19.125Z] Fetching from tables...
[2026-04-18T17:44:19.247Z] PROFILE FETCH COMPLETE FOR: prasantsingh945252
[2026-04-18T17:44:20.224Z] FETCHING PROFILE FOR: prasantsingh945252
[2026-04-18T17:44:20.339Z] USER FOUND: e70437f2-c7bf-4c7b-a53f-d3f64ebee1c5, fetching extra data...
[2026-04-18T17:44:20.568Z] Fetching from tables...
[2026-04-18T17:44:20.703Z] PROFILE FETCH COMPLETE FOR: prasantsingh945252
[2026-04-18T17:44:20.705Z] FETCHING PROFILE FOR: prasantsingh945252
[2026-04-18T17:44:20.824Z] USER FOUND: e70437f2-c7bf-4c7b-a53f-d3f64ebee1c5, fetching extra data...
[2026-04-18T17:44:21.092Z] Fetching from tables...
[2026-04-18T17:44:21.222Z] PROFILE FETCH COMPLETE FOR: prasantsingh945252
[2026-04-18T17:44:25.625Z] FETCHING PROFILE FOR: prasantsingh945252
[2026-04-18T17:44:25.740Z] USER FOUND: e70437f2-c7bf-4c7b-a53f-d3f64ebee1c5, fetching extra data...
[2026-04-18T17:44:25.987Z] Fetching from tables...
[2026-04-18T17:44:26.134Z] PROFILE FETCH COMPLETE FOR: prasantsingh945252
[2026-04-18T17:44:26.136Z] FETCHING PROFILE FOR: prasantsingh945252
[2026-04-18T17:44:26.251Z] USER FOUND: e70437f2-c7bf-4c7b-a53f-d3f64ebee1c5, fetching extra data...
[2026-04-18T17:44:26.517Z] Fetching from tables...
[2026-04-18T17:44:26.638Z] PROFILE FETCH COMPLETE FOR: prasantsingh945252
[2026-04-18T17:44:30.885Z] FETCHING PROFILE FOR: prasantsingh945252
[2026-04-18T17:44:31.010Z] USER FOUND: e70437f2-c7bf-4c7b-a53f-d3f64ebee1c5, fetching extra data...
[2026-04-18T17:44:31.249Z] Fetching from tables...
[2026-04-18T17:44:31.397Z] PROFILE FETCH COMPLETE FOR: prasantsingh945252
[2026-04-18T17:44:31.400Z] FETCHING PROFILE FOR: prasantsingh945252
[2026-04-18T17:44:31.510Z] USER FOUND: e70437f2-c7bf-4c7b-a53f-d3f64ebee1c5, fetching extra data...
[2026-04-18T17:44:31.760Z] Fetching from tables...
[2026-04-18T17:44:31.878Z] PROFILE FETCH COMPLETE FOR: prasantsingh945252
[2026-04-19T16:32:19.921Z] FETCHING PROFILE FOR: prasantsingh945252
[2026-04-19T16:32:20.149Z] USER FOUND: e70437f2-c7bf-4c7b-a53f-d3f64ebee1c5, fetching extra data...
[2026-04-19T16:32:20.378Z] Fetching from tables...
[2026-04-19T16:32:20.700Z] PROFILE FETCH COMPLETE FOR: prasantsingh945252
[2026-04-19T16:32:20.703Z] FETCHING PROFILE FOR: prasantsingh945252
[2026-04-19T16:32:20.816Z] USER FOUND: e70437f2-c7bf-4c7b-a53f-d3f64ebee1c5, fetching extra data...
[2026-04-19T16:32:21.047Z] Fetching from tables...
[2026-04-19T16:32:21.197Z] PROFILE FETCH COMPLETE FOR: prasantsingh945252
[2026-04-19T16:32:26.072Z] FETCHING PROFILE FOR: a
[2026-04-19T16:32:26.222Z] USER FOUND: 5cbd5512-c1a5-444a-966a-69a7e9530efe, fetching extra data...
[2026-04-19T16:32:26.451Z] Fetching from tables...
[2026-04-19T16:32:26.595Z] PROFILE FETCH COMPLETE FOR: a
[2026-04-19T16:32:26.597Z] FETCHING PROFILE FOR: a
[2026-04-19T16:32:26.709Z] USER FOUND: 5cbd5512-c1a5-444a-966a-69a7e9530efe, fetching extra data...
[2026-04-19T16:32:26.949Z] Fetching from tables...
[2026-04-19T16:32:27.103Z] PROFILE FETCH COMPLETE FOR: a
[2026-04-19T16:32:38.997Z] FETCHING PROFILE FOR: prasantsingh945252
[2026-04-19T16:32:39.121Z] USER FOUND: e70437f2-c7bf-4c7b-a53f-d3f64ebee1c5, fetching extra data...
[2026-04-19T16:32:39.409Z] Fetching from tables...
[2026-04-19T16:32:39.720Z] PROFILE FETCH COMPLETE FOR: prasantsingh945252
[2026-04-19T16:32:39.723Z] FETCHING PROFILE FOR: prasantsingh945252
[2026-04-19T16:32:39.842Z] USER FOUND: e70437f2-c7bf-4c7b-a53f-d3f64ebee1c5, fetching extra data...
[2026-04-19T16:32:40.093Z] Fetching from tables...
[2026-04-19T16:32:40.212Z] PROFILE FETCH COMPLETE FOR: prasantsingh945252
[2026-04-19T16:32:40.680Z] FETCHING PROFILE FOR: prasantsingh945252
[2026-04-19T16:32:40.798Z] USER FOUND: e70437f2-c7bf-4c7b-a53f-d3f64ebee1c5, fetching extra data...
[2026-04-19T16:32:41.046Z] Fetching from tables...
[2026-04-19T16:32:41.174Z] PROFILE FETCH COMPLETE FOR: prasantsingh945252
[2026-04-19T16:32:41.177Z] FETCHING PROFILE FOR: prasantsingh945252
[2026-04-19T16:32:41.291Z] USER FOUND: e70437f2-c7bf-4c7b-a53f-d3f64ebee1c5, fetching extra data...
[2026-04-19T16:32:41.534Z] Fetching from tables...
[2026-04-19T16:32:41.671Z] PROFILE FETCH COMPLETE FOR: prasantsingh945252
[2026-04-19T16:32:55.059Z] FETCHING PROFILE FOR: github
[2026-04-19T16:32:55.209Z] USER NOT FOUND: github
[2026-04-19T16:32:55.212Z] FETCHING PROFILE FOR: github
[2026-04-19T16:32:55.325Z] USER NOT FOUND: github
[2026-04-19T16:32:57.698Z] FETCHING PROFILE FOR: linkedin
[2026-04-19T16:32:57.815Z] USER NOT FOUND: linkedin
[2026-04-19T16:32:57.817Z] FETCHING PROFILE FOR: linkedin
[2026-04-19T16:32:57.929Z] USER NOT FOUND: linkedin
[2026-04-19T16:33:22.209Z] FETCHING PROFILE FOR: prasantsingh945252
[2026-04-19T16:33:22.325Z] USER FOUND: e70437f2-c7bf-4c7b-a53f-d3f64ebee1c5, fetching extra data...
[2026-04-19T16:33:22.559Z] Fetching from tables...
[2026-04-19T16:33:22.727Z] PROFILE FETCH COMPLETE FOR: prasantsingh945252
[2026-04-19T16:59:39.064Z] FETCHING PROFILE FOR: prasantsingh945252
[2026-04-19T16:59:44.342Z] USER FOUND: e70437f2-c7bf-4c7b-a53f-d3f64ebee1c5, fetching extra data...
[2026-04-19T16:59:44.657Z] Fetching from tables...
[2026-04-19T16:59:45.246Z] PROFILE FETCH COMPLETE FOR: prasantsingh945252
[2026-04-19T16:59:45.249Z] FETCHING PROFILE FOR: prasantsingh945252
[2026-04-19T16:59:45.361Z] USER FOUND: e70437f2-c7bf-4c7b-a53f-d3f64ebee1c5, fetching extra data...
[2026-04-19T16:59:45.594Z] Fetching from tables...
[2026-04-19T16:59:45.712Z] PROFILE FETCH COMPLETE FOR: prasantsingh945252
[2026-04-19T16:59:52.272Z] FETCHING PROFILE FOR: github
[2026-04-19T16:59:52.444Z] USER NOT FOUND: github
[2026-04-19T16:59:52.446Z] FETCHING PROFILE FOR: github
[2026-04-19T16:59:52.566Z] USER NOT FOUND: github
[2026-04-19T17:00:28.802Z] FETCHING PROFILE FOR: prasantsingh945252
[2026-04-19T17:00:28.912Z] USER FOUND: e70437f2-c7bf-4c7b-a53f-d3f64ebee1c5, fetching extra data...
[2026-04-19T17:00:29.162Z] Fetching from tables...
[2026-04-19T17:00:29.346Z] PROFILE FETCH COMPLETE FOR: prasantsingh945252
[2026-04-19T17:00:29.348Z] FETCHING PROFILE FOR: prasantsingh945252
[2026-04-19T17:00:29.463Z] USER FOUND: e70437f2-c7bf-4c7b-a53f-d3f64ebee1c5, fetching extra data...
[2026-04-19T17:00:31.313Z] Fetching from tables...
[2026-04-19T17:00:31.440Z] PROFILE FETCH COMPLETE FOR: prasantsingh945252
[2026-04-19T17:00:32.144Z] FETCHING PROFILE FOR: prasantsingh945252
[2026-04-19T17:00:32.255Z] USER FOUND: e70437f2-c7bf-4c7b-a53f-d3f64ebee1c5, fetching extra data...
[2026-04-19T17:00:32.487Z] Fetching from tables...
[2026-04-19T17:00:32.617Z] PROFILE FETCH COMPLETE FOR: prasantsingh945252
[2026-04-19T17:00:32.619Z] FETCHING PROFILE FOR: prasantsingh945252
[2026-04-19T17:00:32.730Z] USER FOUND: e70437f2-c7bf-4c7b-a53f-d3f64ebee1c5, fetching extra data...
[2026-04-19T17:00:32.976Z] Fetching from tables...
[2026-04-19T17:00:33.105Z] PROFILE FETCH COMPLETE FOR: prasantsingh945252
[2026-04-19T17:04:52.354Z] FETCHING PROFILE FOR: prasantsingh945252
[2026-04-19T17:04:57.716Z] USER FOUND: e70437f2-c7bf-4c7b-a53f-d3f64ebee1c5, fetching extra data...
[2026-04-19T17:04:58.030Z] Fetching from tables...
[2026-04-19T17:04:58.196Z] PROFILE FETCH COMPLETE FOR: prasantsingh945252
[2026-04-19T17:05:29.369Z] FETCHING PROFILE FOR: prasantsingh945252
[2026-04-19T17:05:29.536Z] USER FOUND: e70437f2-c7bf-4c7b-a53f-d3f64ebee1c5, fetching extra data...
[2026-04-19T17:05:29.824Z] Fetching from tables...
[2026-04-19T17:05:30.167Z] PROFILE FETCH COMPLETE FOR: prasantsingh945252
[2026-04-19T17:05:30.169Z] FETCHING PROFILE FOR: prasantsingh945252
[2026-04-19T17:05:30.290Z] USER FOUND: e70437f2-c7bf-4c7b-a53f-d3f64ebee1c5, fetching extra data...
[2026-04-19T17:05:30.540Z] Fetching from tables...
[2026-04-19T17:05:30.661Z] PROFILE FETCH COMPLETE FOR: prasantsingh945252
[2026-04-19T17:07:23.821Z] FETCHING PROFILE FOR: prasantsingh945252
[2026-04-19T17:07:23.977Z] USER FOUND: e70437f2-c7bf-4c7b-a53f-d3f64ebee1c5, fetching extra data...
[2026-04-19T17:07:24.254Z] Fetching from tables...
[2026-04-19T17:07:24.395Z] PROFILE FETCH COMPLETE FOR: prasantsingh945252
[2026-04-19T17:07:24.397Z] FETCHING PROFILE FOR: prasantsingh945252
[2026-04-19T17:07:24.513Z] USER FOUND: e70437f2-c7bf-4c7b-a53f-d3f64ebee1c5, fetching extra data...
[2026-04-19T17:07:24.751Z] Fetching from tables...
[2026-04-19T17:07:24.874Z] PROFILE FETCH COMPLETE FOR: prasantsingh945252
[2026-04-19T17:08:55.990Z] FETCHING PROFILE FOR: prasantsingh945252
[2026-04-19T17:08:56.257Z] USER FOUND: e70437f2-c7bf-4c7b-a53f-d3f64ebee1c5, fetching extra data...
[2026-04-19T17:08:56.549Z] Fetching from tables...
[2026-04-19T17:08:56.689Z] PROFILE FETCH COMPLETE FOR: prasantsingh945252
[2026-04-19T17:08:56.695Z] FETCHING PROFILE FOR: prasantsingh945252
[2026-04-19T17:08:56.814Z] USER FOUND: e70437f2-c7bf-4c7b-a53f-d3f64ebee1c5, fetching extra data...
[2026-04-19T17:08:57.054Z] Fetching from tables...
[2026-04-19T17:08:57.197Z] PROFILE FETCH COMPLETE FOR: prasantsingh945252
[2026-04-19T17:09:05.257Z] [UPDATE] STARTING UPDATE FOR USER: e70437f2-c7bf-4c7b-a53f-d3f64ebee1c5 (prasantsingh945252)
[2026-04-19T17:09:05.970Z] [UPDATE] CRITICAL UPDATE ERROR: Could not find the 'leetcode_username' column of 'technical_profiles' in the schema cache 
Stack: undefined
[2026-04-19T17:09:32.216Z] [UPDATE] STARTING UPDATE FOR USER: e70437f2-c7bf-4c7b-a53f-d3f64ebee1c5 (prasantsingh945252)
[2026-04-19T17:09:33.471Z] [UPDATE] CRITICAL UPDATE ERROR: Could not find the 'leetcode_username' column of 'technical_profiles' in the schema cache 
Stack: undefined
[2026-04-19T17:19:42.353Z] FETCHING PROFILE FOR: prasantsingh945252
[2026-04-19T17:19:43.724Z] USER FOUND: e70437f2-c7bf-4c7b-a53f-d3f64ebee1c5, fetching extra data...
[2026-04-19T17:19:44.017Z] Fetching from tables...
[2026-04-19T17:19:44.169Z] PROFILE FETCH COMPLETE FOR: prasantsingh945252
[2026-04-19T17:20:18.771Z] [UPDATE] STARTING UPDATE FOR USER: e70437f2-c7bf-4c7b-a53f-d3f64ebee1c5 (prasantsingh945252)
[2026-04-19T17:20:19.993Z] [UPDATE] CRITICAL UPDATE ERROR: Could not find the 'leetcode_url' column of 'technical_profiles' in the schema cache 
Stack: undefined
[2026-04-19T17:22:51.386Z] [UPDATE] STARTING UPDATE FOR USER: e70437f2-c7bf-4c7b-a53f-d3f64ebee1c5 (prasantsingh945252)
[2026-04-19T17:22:52.979Z] FETCHING PROFILE FOR: prasantsingh945252
[2026-04-19T17:22:53.103Z] USER FOUND: e70437f2-c7bf-4c7b-a53f-d3f64ebee1c5, fetching extra data...
[2026-04-19T17:22:53.329Z] Fetching from tables...
[2026-04-19T17:22:55.052Z] PROFILE FETCH COMPLETE FOR: prasantsingh945252
[2026-04-19T17:27:00.626Z] FETCHING PROFILE FOR: prasantsingh945252
[2026-04-19T17:27:00.762Z] USER FOUND: e70437f2-c7bf-4c7b-a53f-d3f64ebee1c5, fetching extra data...
[2026-04-19T17:27:00.986Z] Fetching from tables...
[2026-04-19T17:27:01.346Z] PROFILE FETCH COMPLETE FOR: prasantsingh945252
[2026-04-19T17:27:01.348Z] FETCHING PROFILE FOR: prasantsingh945252
[2026-04-19T17:27:01.462Z] USER FOUND: e70437f2-c7bf-4c7b-a53f-d3f64ebee1c5, fetching extra data...
[2026-04-19T17:27:01.685Z] Fetching from tables...
[2026-04-19T17:27:01.840Z] PROFILE FETCH COMPLETE FOR: prasantsingh945252
[2026-04-19T17:27:06.017Z] FETCHING PROFILE FOR: a
[2026-04-19T17:27:06.145Z] USER FOUND: 5cbd5512-c1a5-444a-966a-69a7e9530efe, fetching extra data...
[2026-04-19T17:27:06.393Z] Fetching from tables...
[2026-04-19T17:27:06.528Z] PROFILE FETCH COMPLETE FOR: a
[2026-04-19T17:27:06.530Z] FETCHING PROFILE FOR: a
[2026-04-19T17:27:06.642Z] USER FOUND: 5cbd5512-c1a5-444a-966a-69a7e9530efe, fetching extra data...
[2026-04-19T17:27:06.883Z] Fetching from tables...
[2026-04-19T17:27:06.991Z] PROFILE FETCH COMPLETE FOR: a
[2026-04-19T17:27:15.387Z] FETCHING PROFILE FOR: prasantsingh945252
[2026-04-19T17:27:15.499Z] USER FOUND: e70437f2-c7bf-4c7b-a53f-d3f64ebee1c5, fetching extra data...
[2026-04-19T17:27:15.747Z] Fetching from tables...
[2026-04-19T17:27:15.891Z] PROFILE FETCH COMPLETE FOR: prasantsingh945252
[2026-04-19T17:27:15.895Z] FETCHING PROFILE FOR: prasantsingh945252
[2026-04-19T17:27:16.011Z] USER FOUND: e70437f2-c7bf-4c7b-a53f-d3f64ebee1c5, fetching extra data...
[2026-04-19T17:27:16.240Z] Fetching from tables...
[2026-04-19T17:27:16.357Z] PROFILE FETCH COMPLETE FOR: prasantsingh945252
[2026-04-19T17:27:16.796Z] FETCHING PROFILE FOR: prasantsingh945252
[2026-04-19T17:27:16.925Z] USER FOUND: e70437f2-c7bf-4c7b-a53f-d3f64ebee1c5, fetching extra data...
[2026-04-19T17:27:17.155Z] Fetching from tables...
[2026-04-19T17:27:17.286Z] PROFILE FETCH COMPLETE FOR: prasantsingh945252
[2026-04-19T17:27:17.288Z] FETCHING PROFILE FOR: prasantsingh945252
[2026-04-19T17:27:17.406Z] USER FOUND: e70437f2-c7bf-4c7b-a53f-d3f64ebee1c5, fetching extra data...
[2026-04-19T17:27:17.644Z] Fetching from tables...
[2026-04-19T17:27:17.758Z] PROFILE FETCH COMPLETE FOR: prasantsingh945252
[2026-04-19T17:27:41.789Z] FETCHING PROFILE FOR: prasantsingh945252
[2026-04-19T17:27:41.927Z] USER FOUND: e70437f2-c7bf-4c7b-a53f-d3f64ebee1c5, fetching extra data...
[2026-04-19T17:27:42.201Z] Fetching from tables...
[2026-04-19T17:27:42.346Z] PROFILE FETCH COMPLETE FOR: prasantsingh945252
[2026-04-19T17:27:42.349Z] FETCHING PROFILE FOR: prasantsingh945252
[2026-04-19T17:27:42.456Z] USER FOUND: e70437f2-c7bf-4c7b-a53f-d3f64ebee1c5, fetching extra data...
[2026-04-19T17:27:42.695Z] Fetching from tables...
[2026-04-19T17:27:42.830Z] PROFILE FETCH COMPLETE FOR: prasantsingh945252
[2026-04-19T17:32:50.980Z] FETCHING PROFILE FOR: prasantsingh945252
[2026-04-19T17:32:52.271Z] USER FOUND: e70437f2-c7bf-4c7b-a53f-d3f64ebee1c5, fetching extra data...
[2026-04-19T17:32:52.547Z] Fetching from tables...
[2026-04-19T17:32:52.697Z] PROFILE FETCH COMPLETE FOR: prasantsingh945252
[2026-04-19T17:32:52.700Z] FETCHING PROFILE FOR: prasantsingh945252
[2026-04-19T17:32:52.817Z] USER FOUND: e70437f2-c7bf-4c7b-a53f-d3f64ebee1c5, fetching extra data...
[2026-04-19T17:32:53.073Z] Fetching from tables...
[2026-04-19T17:32:53.192Z] PROFILE FETCH COMPLETE FOR: prasantsingh945252
[2026-04-19T17:34:14.654Z] [UPDATE] STARTING UPDATE FOR USER: e70437f2-c7bf-4c7b-a53f-d3f64ebee1c5 (prasantsingh945252)
[2026-04-19T17:34:15.813Z] FETCHING PROFILE FOR: prasantsingh945252
[2026-04-19T17:34:15.930Z] USER FOUND: e70437f2-c7bf-4c7b-a53f-d3f64ebee1c5, fetching extra data...
[2026-04-19T17:34:16.162Z] Fetching from tables...
[2026-04-19T17:34:16.313Z] PROFILE FETCH COMPLETE FOR: prasantsingh945252
[2026-04-19T17:34:42.101Z] [UPDATE] STARTING UPDATE FOR USER: e70437f2-c7bf-4c7b-a53f-d3f64ebee1c5 (prasantsingh945252)
[2026-04-19T17:34:43.255Z] FETCHING PROFILE FOR: prasantsingh945252
[2026-04-19T17:34:43.375Z] USER FOUND: e70437f2-c7bf-4c7b-a53f-d3f64ebee1c5, fetching extra data...
[2026-04-19T17:34:43.608Z] Fetching from tables...
[2026-04-19T17:34:43.755Z] PROFILE FETCH COMPLETE FOR: prasantsingh945252
[2026-04-19T17:36:45.742Z] FETCHING PROFILE FOR: prasantsingh945252
[2026-04-19T17:36:46.524Z] USER FOUND: e70437f2-c7bf-4c7b-a53f-d3f64ebee1c5, fetching extra data...
[2026-04-19T17:36:46.809Z] Fetching from tables...
[2026-04-19T17:36:46.970Z] PROFILE FETCH COMPLETE FOR: prasantsingh945252
[2026-04-19T17:36:46.972Z] FETCHING PROFILE FOR: prasantsingh945252
[2026-04-19T17:36:47.084Z] USER FOUND: e70437f2-c7bf-4c7b-a53f-d3f64ebee1c5, fetching extra data...
[2026-04-19T17:36:47.322Z] Fetching from tables...
[2026-04-19T17:36:47.443Z] PROFILE FETCH COMPLETE FOR: prasantsingh945252
[2026-04-19T17:36:50.393Z] FETCHING PROFILE FOR: prasantsingh945252
[2026-04-19T17:36:50.509Z] USER FOUND: e70437f2-c7bf-4c7b-a53f-d3f64ebee1c5, fetching extra data...
[2026-04-19T17:36:50.751Z] Fetching from tables...
[2026-04-19T17:36:50.878Z] PROFILE FETCH COMPLETE FOR: prasantsingh945252
[2026-04-19T17:36:50.880Z] FETCHING PROFILE FOR: prasantsingh945252
[2026-04-19T17:36:50.993Z] USER FOUND: e70437f2-c7bf-4c7b-a53f-d3f64ebee1c5, fetching extra data...
[2026-04-19T17:36:51.233Z] Fetching from tables...
[2026-04-19T17:36:51.354Z] PROFILE FETCH COMPLETE FOR: prasantsingh945252
[2026-04-19T17:39:48.387Z] FETCHING PROFILE FOR: prasantsingh945252
[2026-04-19T17:39:52.737Z] USER FOUND: e70437f2-c7bf-4c7b-a53f-d3f64ebee1c5, fetching extra data...
[2026-04-19T17:39:53.031Z] Fetching from tables...
[2026-04-19T17:39:53.176Z] PROFILE FETCH COMPLETE FOR: prasantsingh945252
[2026-04-19T17:39:53.178Z] FETCHING PROFILE FOR: prasantsingh945252
[2026-04-19T17:39:53.293Z] USER FOUND: e70437f2-c7bf-4c7b-a53f-d3f64ebee1c5, fetching extra data...
[2026-04-19T17:39:53.544Z] Fetching from tables...
[2026-04-19T17:39:53.659Z] PROFILE FETCH COMPLETE FOR: prasantsingh945252
[2026-04-19T17:40:38.353Z] FETCHING PROFILE FOR: prasantsingh945252
[2026-04-19T17:40:38.809Z] USER FOUND: e70437f2-c7bf-4c7b-a53f-d3f64ebee1c5, fetching extra data...
[2026-04-19T17:40:39.090Z] Fetching from tables...
[2026-04-19T17:40:39.245Z] PROFILE FETCH COMPLETE FOR: prasantsingh945252
[2026-04-19T17:40:39.247Z] FETCHING PROFILE FOR: prasantsingh945252
[2026-04-19T17:40:39.371Z] USER FOUND: e70437f2-c7bf-4c7b-a53f-d3f64ebee1c5, fetching extra data...
[2026-04-19T17:40:39.624Z] Fetching from tables...
[2026-04-19T17:40:39.746Z] PROFILE FETCH COMPLETE FOR: prasantsingh945252
[2026-04-19T17:44:50.440Z] FETCHING PROFILE FOR: prasantsingh945252
[2026-04-19T17:44:55.416Z] USER FOUND: e70437f2-c7bf-4c7b-a53f-d3f64ebee1c5, fetching extra data...
[2026-04-19T17:44:55.686Z] Fetching from tables...
[2026-04-19T17:44:55.831Z] PROFILE FETCH COMPLETE FOR: prasantsingh945252
[2026-04-19T17:44:55.833Z] FETCHING PROFILE FOR: prasantsingh945252
[2026-04-19T17:44:55.951Z] USER FOUND: e70437f2-c7bf-4c7b-a53f-d3f64ebee1c5, fetching extra data...
[2026-04-19T17:44:56.204Z] Fetching from tables...
[2026-04-19T17:44:56.319Z] PROFILE FETCH COMPLETE FOR: prasantsingh945252
[2026-04-19T17:45:29.044Z] FETCHING PROFILE FOR: prasantsingh945252
[2026-04-19T17:45:29.360Z] USER FOUND: e70437f2-c7bf-4c7b-a53f-d3f64ebee1c5, fetching extra data...
[2026-04-19T17:45:29.626Z] Fetching from tables...
[2026-04-19T17:45:29.770Z] PROFILE FETCH COMPLETE FOR: prasantsingh945252
[2026-04-19T17:45:29.772Z] FETCHING PROFILE FOR: prasantsingh945252
[2026-04-19T17:45:29.880Z] USER FOUND: e70437f2-c7bf-4c7b-a53f-d3f64ebee1c5, fetching extra data...
[2026-04-19T17:45:30.111Z] Fetching from tables...
[2026-04-19T17:45:30.233Z] PROFILE FETCH COMPLETE FOR: prasantsingh945252
[2026-04-19T17:46:05.472Z] FETCHING PROFILE FOR: prasantsingh945252
[2026-04-19T17:46:05.589Z] USER FOUND: e70437f2-c7bf-4c7b-a53f-d3f64ebee1c5, fetching extra data...
[2026-04-19T17:46:05.836Z] Fetching from tables...
[2026-04-19T17:46:06.177Z] PROFILE FETCH COMPLETE FOR: prasantsingh945252
[2026-04-19T17:46:06.179Z] FETCHING PROFILE FOR: prasantsingh945252
[2026-04-19T17:46:06.292Z] USER FOUND: e70437f2-c7bf-4c7b-a53f-d3f64ebee1c5, fetching extra data...
[2026-04-19T17:46:06.534Z] Fetching from tables...
[2026-04-19T17:46:06.673Z] PROFILE FETCH COMPLETE FOR: prasantsingh945252
[2026-04-19T17:46:07.745Z] FETCHING PROFILE FOR: a
[2026-04-19T17:46:07.869Z] USER FOUND: 5cbd5512-c1a5-444a-966a-69a7e9530efe, fetching extra data...
[2026-04-19T17:46:08.115Z] Fetching from tables...
[2026-04-19T17:46:08.267Z] PROFILE FETCH COMPLETE FOR: a
[2026-04-19T17:46:08.269Z] FETCHING PROFILE FOR: a
[2026-04-19T17:46:08.389Z] USER FOUND: 5cbd5512-c1a5-444a-966a-69a7e9530efe, fetching extra data...
[2026-04-19T17:46:08.628Z] Fetching from tables...
[2026-04-19T17:46:08.904Z] PROFILE FETCH COMPLETE FOR: a
[2026-04-19T17:49:00.355Z] FETCHING PROFILE FOR: a
[2026-04-19T17:49:00.801Z] USER FOUND: 5cbd5512-c1a5-444a-966a-69a7e9530efe, fetching extra data...
[2026-04-19T17:49:01.082Z] Fetching from tables...
[2026-04-19T17:49:01.253Z] PROFILE FETCH COMPLETE FOR: a
[2026-04-19T17:49:09.416Z] FETCHING PROFILE FOR: prasantsingh945252
[2026-04-19T17:49:09.525Z] USER FOUND: e70437f2-c7bf-4c7b-a53f-d3f64ebee1c5, fetching extra data...
[2026-04-19T17:49:09.763Z] Fetching from tables...
[2026-04-19T17:49:09.906Z] PROFILE FETCH COMPLETE FOR: prasantsingh945252
[2026-04-19T17:49:09.908Z] FETCHING PROFILE FOR: prasantsingh945252
[2026-04-19T17:49:10.029Z] USER FOUND: e70437f2-c7bf-4c7b-a53f-d3f64ebee1c5, fetching extra data...
[2026-04-19T17:49:10.263Z] Fetching from tables...
[2026-04-19T17:49:10.379Z] PROFILE FETCH COMPLETE FOR: prasantsingh945252
[2026-04-19T17:49:25.639Z] FETCHING PROFILE FOR: prasantsingh945252
[2026-04-19T17:49:25.927Z] USER FOUND: e70437f2-c7bf-4c7b-a53f-d3f64ebee1c5, fetching extra data...
[2026-04-19T17:49:26.198Z] Fetching from tables...
[2026-04-19T17:49:26.502Z] PROFILE FETCH COMPLETE FOR: prasantsingh945252
[2026-04-19T17:49:26.504Z] FETCHING PROFILE FOR: prasantsingh945252
[2026-04-19T17:49:26.627Z] USER FOUND: e70437f2-c7bf-4c7b-a53f-d3f64ebee1c5, fetching extra data...
[2026-04-19T17:49:26.864Z] Fetching from tables...
[2026-04-19T17:49:26.980Z] PROFILE FETCH COMPLETE FOR: prasantsingh945252
[2026-04-19T17:49:43.365Z] FETCHING PROFILE FOR: prasantsingh945252
[2026-04-19T17:49:43.488Z] USER FOUND: e70437f2-c7bf-4c7b-a53f-d3f64ebee1c5, fetching extra data...
[2026-04-19T17:49:43.750Z] Fetching from tables...
[2026-04-19T17:49:43.896Z] PROFILE FETCH COMPLETE FOR: prasantsingh945252
[2026-04-19T17:49:43.898Z] FETCHING PROFILE FOR: prasantsingh945252
[2026-04-19T17:49:44.011Z] USER FOUND: e70437f2-c7bf-4c7b-a53f-d3f64ebee1c5, fetching extra data...
[2026-04-19T17:49:44.241Z] Fetching from tables...
[2026-04-19T17:49:44.356Z] PROFILE FETCH COMPLETE FOR: prasantsingh945252
[2026-04-19T17:50:26.575Z] FETCHING PROFILE FOR: prasantsingh945252
[2026-04-19T17:50:30.328Z] USER FOUND: e70437f2-c7bf-4c7b-a53f-d3f64ebee1c5, fetching extra data...
[2026-04-19T17:50:31.346Z] Fetching from tables...
[2026-04-19T17:50:31.487Z] PROFILE FETCH COMPLETE FOR: prasantsingh945252
[2026-04-19T17:50:31.490Z] FETCHING PROFILE FOR: prasantsingh945252
[2026-04-19T17:50:31.602Z] USER FOUND: e70437f2-c7bf-4c7b-a53f-d3f64ebee1c5, fetching extra data...
[2026-04-19T17:50:31.852Z] Fetching from tables...
[2026-04-19T17:50:31.974Z] PROFILE FETCH COMPLETE FOR: prasantsingh945252
[2026-04-19T17:51:05.377Z] FETCHING PROFILE FOR: prasantsingh945252
[2026-04-19T17:51:05.824Z] USER FOUND: e70437f2-c7bf-4c7b-a53f-d3f64ebee1c5, fetching extra data...
[2026-04-19T17:51:06.089Z] Fetching from tables...
[2026-04-19T17:51:06.226Z] PROFILE FETCH COMPLETE FOR: prasantsingh945252
[2026-04-19T17:51:06.228Z] FETCHING PROFILE FOR: prasantsingh945252
[2026-04-19T17:51:06.345Z] USER FOUND: e70437f2-c7bf-4c7b-a53f-d3f64ebee1c5, fetching extra data...
[2026-04-19T17:51:06.599Z] Fetching from tables...
[2026-04-19T17:51:06.724Z] PROFILE FETCH COMPLETE FOR: prasantsingh945252
[2026-04-19T17:51:18.362Z] FETCHING PROFILE FOR: prasantsingh945252
[2026-04-19T17:51:18.489Z] USER FOUND: e70437f2-c7bf-4c7b-a53f-d3f64ebee1c5, fetching extra data...
[2026-04-19T17:51:18.734Z] Fetching from tables...
[2026-04-19T17:51:18.900Z] PROFILE FETCH COMPLETE FOR: prasantsingh945252
[2026-04-19T17:51:18.902Z] FETCHING PROFILE FOR: prasantsingh945252
[2026-04-19T17:51:19.013Z] USER FOUND: e70437f2-c7bf-4c7b-a53f-d3f64ebee1c5, fetching extra data...
[2026-04-19T17:51:19.251Z] Fetching from tables...
[2026-04-19T17:51:19.374Z] PROFILE FETCH COMPLETE FOR: prasantsingh945252
[2026-04-19T17:51:23.446Z] FETCHING PROFILE FOR: prasantsingh945252
[2026-04-19T17:51:23.577Z] USER FOUND: e70437f2-c7bf-4c7b-a53f-d3f64ebee1c5, fetching extra data...
[2026-04-19T17:51:23.828Z] Fetching from tables...
[2026-04-19T17:51:23.981Z] PROFILE FETCH COMPLETE FOR: prasantsingh945252
[2026-04-19T17:51:23.983Z] FETCHING PROFILE FOR: prasantsingh945252
[2026-04-19T17:51:24.097Z] USER FOUND: e70437f2-c7bf-4c7b-a53f-d3f64ebee1c5, fetching extra data...
[2026-04-19T17:51:24.333Z] Fetching from tables...
[2026-04-19T17:51:24.452Z] PROFILE FETCH COMPLETE FOR: prasantsingh945252
[2026-04-19T17:51:45.355Z] FETCHING PROFILE FOR: prasantsingh945252
[2026-04-19T17:51:45.491Z] USER FOUND: e70437f2-c7bf-4c7b-a53f-d3f64ebee1c5, fetching extra data...
[2026-04-19T17:51:45.739Z] Fetching from tables...
[2026-04-19T17:51:45.883Z] PROFILE FETCH COMPLETE FOR: prasantsingh945252
[2026-04-19T17:51:45.885Z] FETCHING PROFILE FOR: prasantsingh945252
[2026-04-19T17:51:45.999Z] USER FOUND: e70437f2-c7bf-4c7b-a53f-d3f64ebee1c5, fetching extra data...
[2026-04-19T17:51:46.247Z] Fetching from tables...
[2026-04-19T17:51:46.362Z] PROFILE FETCH COMPLETE FOR: prasantsingh945252
[2026-04-19T17:57:14.198Z] FETCHING PROFILE FOR: prasantsingh945252
[2026-04-19T17:57:18.937Z] USER FOUND: e70437f2-c7bf-4c7b-a53f-d3f64ebee1c5, fetching extra data...
[2026-04-19T17:57:19.238Z] Fetching from tables...
[2026-04-19T17:57:19.527Z] PROFILE FETCH COMPLETE FOR: prasantsingh945252
[2026-04-19T17:57:19.530Z] FETCHING PROFILE FOR: prasantsingh945252
[2026-04-19T17:57:19.660Z] USER FOUND: e70437f2-c7bf-4c7b-a53f-d3f64ebee1c5, fetching extra data...
[2026-04-19T17:57:19.908Z] Fetching from tables...
[2026-04-19T17:57:20.026Z] PROFILE FETCH COMPLETE FOR: prasantsingh945252
[2026-04-19T18:00:11.276Z] FETCHING PROFILE FOR: github
[2026-04-19T18:00:11.758Z] USER NOT FOUND: github
[2026-04-19T18:00:11.761Z] FETCHING PROFILE FOR: github
[2026-04-19T18:00:11.897Z] USER NOT FOUND: github
